02:19:50.432 [main]  INFO api.test.UserTests2 - ************* Creating User ******************
02:19:56.189 [main]  INFO api.test.UserTests2 - ************* User is Created ******************
02:19:56.216 [main]  INFO api.test.UserTests2 - ************* Reading User Info ******************
02:19:57.668 [main]  INFO api.test.UserTests2 - ************* User Info is displayed ******************
02:19:57.681 [main]  INFO api.test.UserTests2 - ************* Updating User ******************
02:19:59.118 [main]  INFO api.test.UserTests2 - ************* User is Updated ******************
02:20:00.596 [main]  INFO api.test.UserTests2 - ************* Deleting User ******************
02:20:34.067 [main] DEBUG api.test.UserTests2 - debugging........
02:20:34.100 [main]  INFO api.test.UserTests2 - ************* Creating User ******************
02:20:41.041 [main]  INFO api.test.UserTests2 - ************* User is Created ******************
02:20:41.079 [main]  INFO api.test.UserTests2 - ************* Reading User Info ******************
02:20:42.665 [main]  INFO api.test.UserTests2 - ************* User Info is displayed ******************
02:20:42.674 [main]  INFO api.test.UserTests2 - ************* Updating User ******************
02:20:44.081 [main]  INFO api.test.UserTests2 - ************* User is Updated ******************
02:20:45.513 [main]  INFO api.test.UserTests2 - ************* Deleting User ******************
02:57:43.836 [main] DEBUG api.test.UserTests2 - debugging........
02:57:43.872 [main]  INFO api.test.UserTests2 - ************* Creating User ******************
02:57:49.638 [main]  INFO api.test.UserTests2 - ************* User is Created ******************
02:57:49.659 [main]  INFO api.test.UserTests2 - ************* Reading User Info ******************
02:57:51.126 [main]  INFO api.test.UserTests2 - ************* Updating User ******************
02:57:52.540 [main]  INFO api.test.UserTests2 - ************* User is Updated ******************
02:57:53.924 [main]  INFO api.test.UserTests2 - ************* Deleting User ******************
02:59:09.402 [main] DEBUG api.test.UserTests2 - debugging........
02:59:09.427 [main]  INFO api.test.UserTests2 - ************* Creating User ******************
02:59:14.458 [main]  INFO api.test.UserTests2 - ************* User is Created ******************
02:59:14.484 [main]  INFO api.test.UserTests2 - ************* Reading User Info ******************
02:59:15.901 [main]  INFO api.test.UserTests2 - ************* User Info is displayed ******************
02:59:15.905 [main]  INFO api.test.UserTests2 - ************* Updating User ******************
02:59:17.312 [main]  INFO api.test.UserTests2 - ************* User is Updated ******************
02:59:18.658 [main]  INFO api.test.UserTests2 - ************* Deleting User ******************
03:01:21.932 [main] DEBUG api.test.UserTests2 - debugging........
03:01:21.957 [main]  INFO api.test.UserTests2 - ************* Creating User ******************
03:01:27.783 [main]  INFO api.test.UserTests2 - ************* User is Created ******************
03:01:27.805 [main]  INFO api.test.UserTests2 - ************* Reading User Info ******************
03:01:29.446 [main]  INFO api.test.UserTests2 - ************* Updating User ******************
03:01:31.021 [main]  INFO api.test.UserTests2 - ************* User is Updated ******************
03:01:32.572 [main]  INFO api.test.UserTests2 - ************* Deleting User ******************
03:02:18.036 [main] DEBUG api.test.UserTests2 - debugging........
03:02:18.066 [main]  INFO api.test.UserTests2 - ************* Creating User ******************
03:02:23.304 [main]  INFO api.test.UserTests2 - ************* User is Created ******************
03:02:23.338 [main]  INFO api.test.UserTests2 - ************* Reading User Info ******************
03:02:25.066 [main]  INFO api.test.UserTests2 - ************* User Info is displayed ******************
03:02:25.070 [main]  INFO api.test.UserTests2 - ************* Updating User ******************
03:02:26.980 [main]  INFO api.test.UserTests2 - ************* User is Updated ******************
03:02:28.965 [main]  INFO api.test.UserTests2 - ************* Deleting User ******************
03:04:11.471 [main] DEBUG api.test.UserTests2 - debugging........
03:04:11.492 [main]  INFO api.test.UserTests2 - ************* Creating User ******************
03:04:17.151 [main]  INFO api.test.UserTests2 - ************* User is Created ******************
03:04:17.180 [main]  INFO api.test.UserTests2 - ************* Reading User Info ******************
03:04:18.946 [main]  INFO api.test.UserTests2 - ************* User Info is displayed ******************
03:04:18.951 [main]  INFO api.test.UserTests2 - ************* Updating User ******************
03:04:20.544 [main]  INFO api.test.UserTests2 - ************* User is Updated ******************
03:04:22.146 [main]  INFO api.test.UserTests2 - ************* Deleting User ******************
